14 Feb 2026 - 17:23:05.955 - com.epam.gym.GymApplication -  INFO  - Starting GymApplication using Java 21.0.9 with PID 5944 (G:\PROGRAMMING\Java Projects\epam_gym\gym\target\classes started by Sanjar in G:\PROGRAMMING\Java Projects\epam_gym\gym)
14 Feb 2026 - 17:23:05.969 - com.epam.gym.GymApplication -  INFO  - No active profile set, falling back to 1 default profile: "default"
14 Feb 2026 - 17:23:06.717 - o.s.boot.tomcat.TomcatWebServer -  INFO  - Tomcat initialized with port 8080 (http)
14 Feb 2026 - 17:23:06.728 - o.a.catalina.core.StandardService -  INFO  - Starting service [Tomcat]
14 Feb 2026 - 17:23:06.728 - o.a.catalina.core.StandardEngine -  INFO  - Starting Servlet engine: [Apache Tomcat/11.0.15]
14 Feb 2026 - 17:23:06.764 - o.s.b.w.c.s.WebApplicationContextInitializer -  INFO  - Root WebApplicationContext: initialization completed in 746 ms
14 Feb 2026 - 17:23:06.825 - c.epam.gym.util.StorageInitializer -  INFO  - Loaded 5 trainees
14 Feb 2026 - 17:23:06.829 - c.epam.gym.util.StorageInitializer -  INFO  - Loaded 6 trainers
14 Feb 2026 - 17:23:06.833 - c.epam.gym.util.StorageInitializer -  INFO  - Loaded 8 trainings
14 Feb 2026 - 17:23:07.123 - o.s.boot.tomcat.TomcatWebServer -  INFO  - Tomcat started on port 8080 (http) with context path '/'
14 Feb 2026 - 17:23:07.127 - com.epam.gym.GymApplication -  INFO  - Started GymApplication in 1.654 seconds (process running for 2.496)
14 Feb 2026 - 17:24:26.442 - o.s.boot.tomcat.GracefulShutdown -  INFO  - Commencing graceful shutdown. Waiting for active requests to complete
14 Feb 2026 - 17:24:26.451 - o.s.boot.tomcat.GracefulShutdown -  INFO  - Graceful shutdown complete
14 Feb 2026 - 17:24:32.345 - com.epam.gym.GymApplication -  INFO  - Starting GymApplication using Java 21.0.9 with PID 8604 (G:\PROGRAMMING\Java Projects\epam_gym\gym\target\classes started by Sanjar in G:\PROGRAMMING\Java Projects\epam_gym\gym)
14 Feb 2026 - 17:24:32.366 - com.epam.gym.GymApplication -  INFO  - No active profile set, falling back to 1 default profile: "default"
14 Feb 2026 - 17:24:33.293 - o.s.boot.tomcat.TomcatWebServer -  INFO  - Tomcat initialized with port 8080 (http)
14 Feb 2026 - 17:24:33.311 - o.a.catalina.core.StandardService -  INFO  - Starting service [Tomcat]
14 Feb 2026 - 17:24:33.312 - o.a.catalina.core.StandardEngine -  INFO  - Starting Servlet engine: [Apache Tomcat/11.0.15]
14 Feb 2026 - 17:24:33.353 - o.s.b.w.c.s.WebApplicationContextInitializer -  INFO  - Root WebApplicationContext: initialization completed in 923 ms
14 Feb 2026 - 17:24:33.417 - c.epam.gym.util.StorageInitializer -  INFO  - Loaded 5 trainees
14 Feb 2026 - 17:24:33.419 - c.epam.gym.util.StorageInitializer -  INFO  - Loaded 6 trainers
14 Feb 2026 - 17:24:33.423 - c.epam.gym.util.StorageInitializer -  INFO  - Loaded 8 trainings
14 Feb 2026 - 17:24:33.710 - o.s.boot.tomcat.TomcatWebServer -  INFO  - Tomcat started on port 8080 (http) with context path '/'
14 Feb 2026 - 17:24:33.715 - com.epam.gym.GymApplication -  INFO  - Started GymApplication in 2.054 seconds (process running for 2.843)
14 Feb 2026 - 18:03:46.817 - o.s.boot.tomcat.GracefulShutdown -  INFO  - Commencing graceful shutdown. Waiting for active requests to complete
14 Feb 2026 - 18:03:46.834 - o.s.boot.tomcat.GracefulShutdown -  INFO  - Graceful shutdown complete
15 Feb 2026 - 12:45:28.764 - com.epam.gym.GymApplication -  INFO  - Starting GymApplication using Java 25.0.1 with PID 86762 (/Users/ilya_lozinskiy/Desktop/Development/Projects/MENTOR/Sanjar/epam_gym/target/classes started by ilya_lozinskiy in /Users/ilya_lozinskiy/Desktop/Development/Projects/MENTOR/Sanjar/epam_gym)
15 Feb 2026 - 12:45:28.767 - com.epam.gym.GymApplication -  INFO  - No active profile set, falling back to 1 default profile: "default"
15 Feb 2026 - 12:45:29.010 - o.s.boot.tomcat.TomcatWebServer -  INFO  - Tomcat initialized with port 8080 (http)
15 Feb 2026 - 12:45:29.015 - o.a.catalina.core.StandardService -  INFO  - Starting service [Tomcat]
15 Feb 2026 - 12:45:29.015 - o.a.catalina.core.StandardEngine -  INFO  - Starting Servlet engine: [Apache Tomcat/11.0.15]
15 Feb 2026 - 12:45:29.027 - o.s.b.w.c.s.WebApplicationContextInitializer -  INFO  - Root WebApplicationContext: initialization completed in 244 ms
15 Feb 2026 - 12:45:29.050 - c.epam.gym.util.StorageInitializer -  INFO  - Loaded 5 trainees
15 Feb 2026 - 12:45:29.051 - c.epam.gym.util.StorageInitializer -  INFO  - Loaded 6 trainers
15 Feb 2026 - 12:45:29.052 - c.epam.gym.util.StorageInitializer -  INFO  - Loaded 8 trainings
15 Feb 2026 - 12:45:29.149 - o.s.boot.tomcat.TomcatWebServer -  INFO  - Tomcat started on port 8080 (http) with context path '/'
15 Feb 2026 - 12:45:29.151 - com.epam.gym.GymApplication -  INFO  - Started GymApplication in 0.517 seconds (process running for 0.701)
15 Feb 2026 - 12:49:46.055 - o.s.boot.tomcat.GracefulShutdown -  INFO  - Commencing graceful shutdown. Waiting for active requests to complete
15 Feb 2026 - 12:49:46.056 - o.s.boot.tomcat.GracefulShutdown -  INFO  - Graceful shutdown complete
15 Feb 2026 - 13:03:31.970 - com.epam.gym.GymApplicationTests -  INFO  - Starting GymApplicationTests using Java 25.0.1 with PID 88443 (started by ilya_lozinskiy in /Users/ilya_lozinskiy/Desktop/Development/Projects/MENTOR/Sanjar/epam_gym)
15 Feb 2026 - 13:03:31.973 - com.epam.gym.GymApplicationTests -  INFO  - No active profile set, falling back to 1 default profile: "default"
15 Feb 2026 - 13:03:32.164 - c.epam.gym.util.StorageInitializer -  INFO  - Loaded 5 trainees
15 Feb 2026 - 13:03:32.165 - c.epam.gym.util.StorageInitializer -  INFO  - Loaded 6 trainers
15 Feb 2026 - 13:03:32.166 - c.epam.gym.util.StorageInitializer -  INFO  - Loaded 8 trainings
15 Feb 2026 - 13:03:32.290 - com.epam.gym.GymApplicationTests -  INFO  - Started GymApplicationTests in 0.416 seconds (process running for 0.81)
15 Feb 2026 - 13:03:32.338 - c.epam.gym.util.StorageInitializer -  INFO  - Loaded 5 trainees
15 Feb 2026 - 13:03:32.338 - c.epam.gym.util.StorageInitializer -  INFO  - Loaded 6 trainers
15 Feb 2026 - 13:03:32.339 - c.epam.gym.util.StorageInitializer -  INFO  - Loaded 8 trainings
15 Feb 2026 - 13:03:32.665 - com.epam.gym.service.TraineeService -  INFO  - Created trainee John.Smith
15 Feb 2026 - 13:03:32.667 - com.epam.gym.service.TraineeService -  INFO  - Updated trainee updatedUser
15 Feb 2026 - 13:03:32.686 - com.epam.gym.service.TrainerService -  INFO  - Updated trainer Emma.Thompson
15 Feb 2026 - 13:03:32.688 - com.epam.gym.service.TrainerService -  INFO  - Created trainer David.Wilson
15 Feb 2026 - 13:03:44.301 - com.epam.gym.GymApplicationTests -  INFO  - Starting GymApplicationTests using Java 25.0.1 with PID 88474 (started by ilya_lozinskiy in /Users/ilya_lozinskiy/Desktop/Development/Projects/MENTOR/Sanjar/epam_gym)
15 Feb 2026 - 13:03:44.304 - com.epam.gym.GymApplicationTests -  INFO  - No active profile set, falling back to 1 default profile: "default"
15 Feb 2026 - 13:03:44.672 - c.epam.gym.util.StorageInitializer -  INFO  - Loaded 5 trainees
15 Feb 2026 - 13:03:44.673 - c.epam.gym.util.StorageInitializer -  INFO  - Loaded 6 trainers
15 Feb 2026 - 13:03:44.675 - c.epam.gym.util.StorageInitializer -  INFO  - Loaded 8 trainings
15 Feb 2026 - 13:03:44.887 - com.epam.gym.GymApplicationTests -  INFO  - Started GymApplicationTests in 0.762 seconds (process running for 1.469)
15 Feb 2026 - 13:03:44.944 - c.epam.gym.util.StorageInitializer -  INFO  - Loaded 5 trainees
15 Feb 2026 - 13:03:44.945 - c.epam.gym.util.StorageInitializer -  INFO  - Loaded 6 trainers
15 Feb 2026 - 13:03:44.946 - c.epam.gym.util.StorageInitializer -  INFO  - Loaded 8 trainings
15 Feb 2026 - 13:03:45.540 - com.epam.gym.service.TraineeService -  INFO  - Created trainee John.Smith
15 Feb 2026 - 13:03:45.543 - com.epam.gym.service.TraineeService -  INFO  - Updated trainee updatedUser
15 Feb 2026 - 13:03:45.561 - com.epam.gym.service.TrainerService -  INFO  - Updated trainer Emma.Thompson
15 Feb 2026 - 13:03:45.563 - com.epam.gym.service.TrainerService -  INFO  - Created trainer David.Wilson
15 Feb 2026 - 18:56:21.879 - com.epam.gym.GymApplicationTests -  INFO  - Starting GymApplicationTests using Java 25.0.1 with PID 93441 (started by ilya_lozinskiy in /Users/ilya_lozinskiy/Desktop/Development/Projects/MENTOR/Sanjar/epam_gym)
15 Feb 2026 - 18:56:21.882 - com.epam.gym.GymApplicationTests -  INFO  - No active profile set, falling back to 1 default profile: "default"
15 Feb 2026 - 18:56:22.068 - c.epam.gym.util.StorageInitializer -  INFO  - Loaded 5 trainees
15 Feb 2026 - 18:56:22.069 - c.epam.gym.util.StorageInitializer -  INFO  - Loaded 6 trainers
15 Feb 2026 - 18:56:22.070 - c.epam.gym.util.StorageInitializer -  INFO  - Loaded 8 trainings
15 Feb 2026 - 18:56:22.189 - com.epam.gym.GymApplicationTests -  INFO  - Started GymApplicationTests in 0.409 seconds (process running for 0.861)
15 Feb 2026 - 18:56:22.203 - o.s.test.context.TestContextManager -  ERROR - Caught exception while allowing TestExecutionListener [org.springframework.test.context.support.DependencyInjectionTestExecutionListener] to prepare test instance [com.epam.gym.facade.GymFacadeTest@42c0a16e]
org.springframework.beans.factory.UnsatisfiedDependencyException: Error creating bean with name 'com.epam.gym.facade.GymFacadeTest': Unsatisfied dependency expressed through field 'facade': No qualifying bean of type 'com.epam.gym.facade.GymFacade' available: expected at least 1 bean which qualifies as autowire candidate. Dependency annotations: {@org.springframework.beans.factory.annotation.Autowired(required=true)}
	at org.springframework.beans.factory.annotation.AutowiredAnnotationBeanPostProcessor$AutowiredFieldElement.resolveFieldValue(AutowiredAnnotationBeanPostProcessor.java:766)
	at org.springframework.beans.factory.annotation.AutowiredAnnotationBeanPostProcessor$AutowiredFieldElement.inject(AutowiredAnnotationBeanPostProcessor.java:747)
	at org.springframework.beans.factory.annotation.InjectionMetadata.inject(InjectionMetadata.java:146)
	at org.springframework.beans.factory.annotation.AutowiredAnnotationBeanPostProcessor.postProcessProperties(AutowiredAnnotationBeanPostProcessor.java:492)
	at org.springframework.beans.factory.support.AbstractAutowireCapableBeanFactory.populateBean(AbstractAutowireCapableBeanFactory.java:1446)
	at org.springframework.beans.factory.support.AbstractAutowireCapableBeanFactory.autowireBeanProperties(AbstractAutowireCapableBeanFactory.java:402)
	at org.springframework.test.context.support.DependencyInjectionTestExecutionListener.injectDependencies(DependencyInjectionTestExecutionListener.java:142)
	at org.springframework.test.context.support.DependencyInjectionTestExecutionListener.prepareTestInstance(DependencyInjectionTestExecutionListener.java:97)
	at org.springframework.test.context.TestContextManager.prepareTestInstance(TestContextManager.java:247)
	at org.springframework.test.context.junit.jupiter.SpringExtension.postProcessTestInstance(SpringExtension.java:163)
	at org.junit.jupiter.engine.descriptor.ClassBasedTestDescriptor.lambda$invokeTestInstancePostProcessors$1(ClassBasedTestDescriptor.java:423)
	at org.junit.jupiter.engine.descriptor.ClassBasedTestDescriptor.executeAndMaskThrowable(ClassBasedTestDescriptor.java:428)
	at org.junit.jupiter.engine.descriptor.ClassBasedTestDescriptor.lambda$invokeTestInstancePostProcessors$0(ClassBasedTestDescriptor.java:422)
	at java.base/java.util.stream.ForEachOps$ForEachOp$OfRef.accept(ForEachOps.java:186)
	at java.base/java.util.stream.ReferencePipeline$3$1.accept(ReferencePipeline.java:214)
	at java.base/java.util.stream.ReferencePipeline$2$1.accept(ReferencePipeline.java:197)
	at java.base/java.util.stream.ReferencePipeline$3$1.accept(ReferencePipeline.java:214)
	at java.base/java.util.ArrayList$ArrayListSpliterator.forEachRemaining(ArrayList.java:1716)
	at java.base/java.util.stream.AbstractPipeline.copyInto(AbstractPipeline.java:570)
	at java.base/java.util.stream.AbstractPipeline.wrapAndCopyInto(AbstractPipeline.java:560)
	at java.base/java.util.stream.ForEachOps$ForEachOp.evaluateSequential(ForEachOps.java:153)
	at java.base/java.util.stream.ForEachOps$ForEachOp$OfRef.evaluateSequential(ForEachOps.java:176)
	at java.base/java.util.stream.AbstractPipeline.evaluate(AbstractPipeline.java:265)
	at java.base/java.util.stream.ReferencePipeline.forEach(ReferencePipeline.java:632)
	at org.junit.jupiter.engine.descriptor.ClassBasedTestDescriptor.invokeTestInstancePostProcessors(ClassBasedTestDescriptor.java:422)
	at org.junit.jupiter.engine.descriptor.ClassBasedTestDescriptor.lambda$instantiateAndPostProcessTestInstance$0(ClassBasedTestDescriptor.java:334)
	at org.junit.platform.engine.support.hierarchical.ThrowableCollector.execute(ThrowableCollector.java:74)
	at org.junit.jupiter.engine.descriptor.ClassBasedTestDescriptor.instantiateAndPostProcessTestInstance(ClassBasedTestDescriptor.java:333)
	at org.junit.jupiter.engine.descriptor.ClassBasedTestDescriptor.lambda$testInstancesProvider$1(ClassBasedTestDescriptor.java:322)
	at java.base/java.util.Optional.orElseGet(Optional.java:364)
	at org.junit.jupiter.engine.descriptor.ClassBasedTestDescriptor.lambda$testInstancesProvider$0(ClassBasedTestDescriptor.java:321)
	at org.junit.jupiter.engine.execution.TestInstancesProvider.getTestInstances(TestInstancesProvider.java:27)
	at org.junit.jupiter.engine.descriptor.TestMethodTestDescriptor.lambda$prepare$0(TestMethodTestDescriptor.java:127)
	at org.junit.platform.engine.support.hierarchical.ThrowableCollector.execute(ThrowableCollector.java:74)
	at org.junit.jupiter.engine.descriptor.TestMethodTestDescriptor.prepare(TestMethodTestDescriptor.java:126)
	at org.junit.jupiter.engine.descriptor.TestMethodTestDescriptor.prepare(TestMethodTestDescriptor.java:70)
	at org.junit.platform.engine.support.hierarchical.NodeTestTask.lambda$prepare$0(NodeTestTask.java:144)
	at org.junit.platform.engine.support.hierarchical.ThrowableCollector.execute(ThrowableCollector.java:74)
	at org.junit.platform.engine.support.hierarchical.NodeTestTask.prepare(NodeTestTask.java:144)
	at org.junit.platform.engine.support.hierarchical.NodeTestTask.execute(NodeTestTask.java:110)
	at java.base/java.util.ArrayList.forEach(ArrayList.java:1604)
	at org.junit.platform.engine.support.hierarchical.SameThreadHierarchicalTestExecutorService.invokeAll(SameThreadHierarchicalTestExecutorService.java:42)
	at org.junit.platform.engine.support.hierarchical.NodeTestTask.lambda$executeRecursively$2(NodeTestTask.java:180)
	at org.junit.platform.engine.support.hierarchical.ThrowableCollector.execute(ThrowableCollector.java:74)
	at org.junit.platform.engine.support.hierarchical.NodeTestTask.lambda$executeRecursively$1(NodeTestTask.java:166)
	at org.junit.platform.engine.support.hierarchical.Node.around(Node.java:138)
	at org.junit.platform.engine.support.hierarchical.NodeTestTask.lambda$executeRecursively$0(NodeTestTask.java:164)
	at org.junit.platform.engine.support.hierarchical.ThrowableCollector.execute(ThrowableCollector.java:74)
	at org.junit.platform.engine.support.hierarchical.NodeTestTask.executeRecursively(NodeTestTask.java:163)
	at org.junit.platform.engine.support.hierarchical.NodeTestTask.execute(NodeTestTask.java:116)
	at java.base/java.util.ArrayList.forEach(ArrayList.java:1604)
	at org.junit.platform.engine.support.hierarchical.SameThreadHierarchicalTestExecutorService.invokeAll(SameThreadHierarchicalTestExecutorService.java:42)
	at org.junit.platform.engine.support.hierarchical.NodeTestTask.lambda$executeRecursively$2(NodeTestTask.java:180)
	at org.junit.platform.engine.support.hierarchical.ThrowableCollector.execute(ThrowableCollector.java:74)
	at org.junit.platform.engine.support.hierarchical.NodeTestTask.lambda$executeRecursively$1(NodeTestTask.java:166)
	at org.junit.platform.engine.support.hierarchical.Node.around(Node.java:138)
	at org.junit.platform.engine.support.hierarchical.NodeTestTask.lambda$executeRecursively$0(NodeTestTask.java:164)
	at org.junit.platform.engine.support.hierarchical.ThrowableCollector.execute(ThrowableCollector.java:74)
	at org.junit.platform.engine.support.hierarchical.NodeTestTask.executeRecursively(NodeTestTask.java:163)
	at org.junit.platform.engine.support.hierarchical.NodeTestTask.execute(NodeTestTask.java:116)
	at org.junit.platform.engine.support.hierarchical.SameThreadHierarchicalTestExecutorService.submit(SameThreadHierarchicalTestExecutorService.java:36)
	at org.junit.platform.engine.support.hierarchical.HierarchicalTestExecutor.execute(HierarchicalTestExecutor.java:52)
	at org.junit.platform.engine.support.hierarchical.HierarchicalTestEngine.execute(HierarchicalTestEngine.java:58)
	at org.junit.platform.launcher.core.EngineExecutionOrchestrator.executeEngine(EngineExecutionOrchestrator.java:246)
	at org.junit.platform.launcher.core.EngineExecutionOrchestrator.failOrExecuteEngine(EngineExecutionOrchestrator.java:218)
	at org.junit.platform.launcher.core.EngineExecutionOrchestrator.execute(EngineExecutionOrchestrator.java:179)
	at org.junit.platform.launcher.core.EngineExecutionOrchestrator.execute(EngineExecutionOrchestrator.java:108)
	at org.junit.platform.launcher.core.EngineExecutionOrchestrator.lambda$execute$0(EngineExecutionOrchestrator.java:66)
	at org.junit.platform.launcher.core.EngineExecutionOrchestrator.withInterceptedStreams(EngineExecutionOrchestrator.java:157)
	at org.junit.platform.launcher.core.EngineExecutionOrchestrator.execute(EngineExecutionOrchestrator.java:65)
	at org.junit.platform.launcher.core.DefaultLauncher.execute(DefaultLauncher.java:125)
	at org.junit.platform.launcher.core.DefaultLauncher.execute(DefaultLauncher.java:114)
	at org.junit.platform.launcher.core.DefaultLauncher.execute(DefaultLauncher.java:93)
	at org.junit.platform.launcher.core.DelegatingLauncher.execute(DelegatingLauncher.java:48)
	at org.junit.platform.launcher.core.InterceptingLauncher.lambda$execute$0(InterceptingLauncher.java:41)
	at org.junit.platform.launcher.core.ClasspathAlignmentCheckingLauncherInterceptor.intercept(ClasspathAlignmentCheckingLauncherInterceptor.java:25)
	at org.junit.platform.launcher.core.InterceptingLauncher.execute(InterceptingLauncher.java:40)
	at org.junit.platform.launcher.core.DelegatingLauncher.execute(DelegatingLauncher.java:48)
	at org.junit.platform.launcher.core.SessionPerRequestLauncher.execute(SessionPerRequestLauncher.java:67)
	at com.intellij.junit5.JUnit5IdeaTestRunner.startRunnerWithArgs(JUnit5IdeaTestRunner.java:57)
	at com.intellij.rt.junit.IdeaTestRunner$Repeater$1.execute(IdeaTestRunner.java:38)
	at com.intellij.rt.execution.junit.TestsRepeater.repeat(TestsRepeater.java:11)
	at com.intellij.rt.junit.IdeaTestRunner$Repeater.startRunnerWithArgs(IdeaTestRunner.java:35)
	at com.intellij.rt.junit.JUnitStarter.prepareStreamsAndStart(JUnitStarter.java:231)
	at com.intellij.rt.junit.JUnitStarter.main(JUnitStarter.java:55)
Caused by: org.springframework.beans.factory.NoSuchBeanDefinitionException: No qualifying bean of type 'com.epam.gym.facade.GymFacade' available: expected at least 1 bean which qualifies as autowire candidate. Dependency annotations: {@org.springframework.beans.factory.annotation.Autowired(required=true)}
	at org.springframework.beans.factory.support.DefaultListableBeanFactory.raiseNoMatchingBeanFound(DefaultListableBeanFactory.java:2297)
	at org.springframework.beans.factory.support.DefaultListableBeanFactory.doResolveDependency(DefaultListableBeanFactory.java:1725)
	at org.springframework.beans.factory.support.DefaultListableBeanFactory.resolveDependency(DefaultListableBeanFactory.java:1651)
	at org.springframework.beans.factory.annotation.AutowiredAnnotationBeanPostProcessor$AutowiredFieldElement.resolveFieldValue(AutowiredAnnotationBeanPostProcessor.java:763)
	... 84 common frames omitted
15 Feb 2026 - 18:56:22.498 - com.epam.gym.service.TraineeService -  INFO  - Created trainee John.Smith
15 Feb 2026 - 18:56:22.500 - com.epam.gym.service.TraineeService -  INFO  - Updated trainee updatedUser
15 Feb 2026 - 18:56:22.514 - com.epam.gym.service.TrainerService -  INFO  - Updated trainer Emma.Thompson
15 Feb 2026 - 18:56:22.517 - com.epam.gym.service.TrainerService -  INFO  - Created trainer David.Wilson
15 Feb 2026 - 18:56:26.428 - com.epam.gym.GymApplication -  INFO  - Starting GymApplication using Java 25.0.1 with PID 93454 (/Users/ilya_lozinskiy/Desktop/Development/Projects/MENTOR/Sanjar/epam_gym/target/classes started by ilya_lozinskiy in /Users/ilya_lozinskiy/Desktop/Development/Projects/MENTOR/Sanjar/epam_gym)
15 Feb 2026 - 18:56:26.431 - com.epam.gym.GymApplication -  INFO  - No active profile set, falling back to 1 default profile: "default"
15 Feb 2026 - 18:56:26.647 - o.s.boot.tomcat.TomcatWebServer -  INFO  - Tomcat initialized with port 8080 (http)
15 Feb 2026 - 18:56:26.652 - o.a.catalina.core.StandardService -  INFO  - Starting service [Tomcat]
15 Feb 2026 - 18:56:26.652 - o.a.catalina.core.StandardEngine -  INFO  - Starting Servlet engine: [Apache Tomcat/11.0.15]
15 Feb 2026 - 18:56:26.663 - o.s.b.w.c.s.WebApplicationContextInitializer -  INFO  - Root WebApplicationContext: initialization completed in 218 ms
15 Feb 2026 - 18:56:26.681 - c.epam.gym.util.StorageInitializer -  INFO  - Loaded 5 trainees
15 Feb 2026 - 18:56:26.681 - c.epam.gym.util.StorageInitializer -  INFO  - Loaded 6 trainers
15 Feb 2026 - 18:56:26.682 - c.epam.gym.util.StorageInitializer -  INFO  - Loaded 8 trainings
15 Feb 2026 - 18:56:26.755 - o.s.boot.tomcat.TomcatWebServer -  INFO  - Tomcat started on port 8080 (http) with context path '/'
15 Feb 2026 - 18:56:26.761 - com.epam.gym.GymApplication -  INFO  - Started GymApplication in 0.453 seconds (process running for 0.629)
15 Feb 2026 - 18:56:29.131 - o.s.boot.tomcat.GracefulShutdown -  INFO  - Commencing graceful shutdown. Waiting for active requests to complete
15 Feb 2026 - 18:56:29.133 - o.s.boot.tomcat.GracefulShutdown -  INFO  - Graceful shutdown complete
15 Feb 2026 - 19:00:21.198 - com.epam.gym.GymApplicationTests -  INFO  - Starting GymApplicationTests using Java 25.0.1 with PID 94461 (started by ilya_lozinskiy in /Users/ilya_lozinskiy/Desktop/Development/Projects/MENTOR/Sanjar/epam_gym)
15 Feb 2026 - 19:00:21.201 - com.epam.gym.GymApplicationTests -  INFO  - No active profile set, falling back to 1 default profile: "default"
15 Feb 2026 - 19:00:21.397 - c.epam.gym.util.StorageInitializer -  INFO  - Loaded 5 trainees
15 Feb 2026 - 19:00:21.398 - c.epam.gym.util.StorageInitializer -  INFO  - Loaded 6 trainers
15 Feb 2026 - 19:00:21.399 - c.epam.gym.util.StorageInitializer -  INFO  - Loaded 8 trainings
15 Feb 2026 - 19:00:21.520 - com.epam.gym.GymApplicationTests -  INFO  - Started GymApplicationTests in 0.425 seconds (process running for 0.842)
15 Feb 2026 - 19:00:21.716 - o.s.test.context.TestContextManager -  WARN  - Caught exception while allowing TestExecutionListener [org.springframework.test.context.support.DependencyInjectionTestExecutionListener] to prepare test instance [com.epam.gym.facade.GymFacadeTest@43755e2f]
org.springframework.beans.factory.UnsatisfiedDependencyException: Error creating bean with name 'com.epam.gym.facade.GymFacadeTest': Unsatisfied dependency expressed through field 'facade': No qualifying bean of type 'com.epam.gym.facade.GymFacade' available: expected at least 1 bean which qualifies as autowire candidate. Dependency annotations: {@org.springframework.beans.factory.annotation.Autowired(required=true)}
	at org.springframework.beans.factory.annotation.AutowiredAnnotationBeanPostProcessor$AutowiredFieldElement.resolveFieldValue(AutowiredAnnotationBeanPostProcessor.java:766)
	at org.springframework.beans.factory.annotation.AutowiredAnnotationBeanPostProcessor$AutowiredFieldElement.inject(AutowiredAnnotationBeanPostProcessor.java:747)
	at org.springframework.beans.factory.annotation.InjectionMetadata.inject(InjectionMetadata.java:146)
	at org.springframework.beans.factory.annotation.AutowiredAnnotationBeanPostProcessor.postProcessProperties(AutowiredAnnotationBeanPostProcessor.java:492)
	at org.springframework.beans.factory.support.AbstractAutowireCapableBeanFactory.populateBean(AbstractAutowireCapableBeanFactory.java:1446)
	at org.springframework.beans.factory.support.AbstractAutowireCapableBeanFactory.autowireBeanProperties(AbstractAutowireCapableBeanFactory.java:402)
	at org.springframework.test.context.support.DependencyInjectionTestExecutionListener.injectDependencies(DependencyInjectionTestExecutionListener.java:156)
	at org.springframework.test.context.support.DependencyInjectionTestExecutionListener.prepareTestInstance(DependencyInjectionTestExecutionListener.java:111)
	at org.springframework.test.context.TestContextManager.prepareTestInstance(TestContextManager.java:260)
	at org.springframework.test.context.junit.jupiter.SpringExtension.postProcessTestInstance(SpringExtension.java:205)
	at org.junit.jupiter.engine.descriptor.ClassBasedTestDescriptor.lambda$invokeTestInstancePostProcessors$1(ClassBasedTestDescriptor.java:423)
	at org.junit.jupiter.engine.descriptor.ClassBasedTestDescriptor.executeAndMaskThrowable(ClassBasedTestDescriptor.java:428)
	at org.junit.jupiter.engine.descriptor.ClassBasedTestDescriptor.lambda$invokeTestInstancePostProcessors$0(ClassBasedTestDescriptor.java:422)
	at java.base/java.util.stream.ForEachOps$ForEachOp$OfRef.accept(ForEachOps.java:186)
	at java.base/java.util.stream.ReferencePipeline$3$1.accept(ReferencePipeline.java:214)
	at java.base/java.util.stream.ReferencePipeline$2$1.accept(ReferencePipeline.java:197)
	at java.base/java.util.stream.ReferencePipeline$3$1.accept(ReferencePipeline.java:214)
	at java.base/java.util.ArrayList$ArrayListSpliterator.forEachRemaining(ArrayList.java:1716)
	at java.base/java.util.stream.AbstractPipeline.copyInto(AbstractPipeline.java:570)
	at java.base/java.util.stream.AbstractPipeline.wrapAndCopyInto(AbstractPipeline.java:560)
	at java.base/java.util.stream.ForEachOps$ForEachOp.evaluateSequential(ForEachOps.java:153)
	at java.base/java.util.stream.ForEachOps$ForEachOp$OfRef.evaluateSequential(ForEachOps.java:176)
	at java.base/java.util.stream.AbstractPipeline.evaluate(AbstractPipeline.java:265)
	at java.base/java.util.stream.ReferencePipeline.forEach(ReferencePipeline.java:632)
	at org.junit.jupiter.engine.descriptor.ClassBasedTestDescriptor.invokeTestInstancePostProcessors(ClassBasedTestDescriptor.java:422)
	at org.junit.jupiter.engine.descriptor.ClassBasedTestDescriptor.lambda$instantiateAndPostProcessTestInstance$0(ClassBasedTestDescriptor.java:334)
	at org.junit.platform.engine.support.hierarchical.ThrowableCollector.execute(ThrowableCollector.java:74)
	at org.junit.jupiter.engine.descriptor.ClassBasedTestDescriptor.instantiateAndPostProcessTestInstance(ClassBasedTestDescriptor.java:333)
	at org.junit.jupiter.engine.descriptor.ClassBasedTestDescriptor.lambda$testInstancesProvider$1(ClassBasedTestDescriptor.java:322)
	at java.base/java.util.Optional.orElseGet(Optional.java:364)
	at org.junit.jupiter.engine.descriptor.ClassBasedTestDescriptor.lambda$testInstancesProvider$0(ClassBasedTestDescriptor.java:321)
	at org.junit.jupiter.engine.execution.TestInstancesProvider.getTestInstances(TestInstancesProvider.java:27)
	at org.junit.jupiter.engine.descriptor.TestMethodTestDescriptor.lambda$prepare$0(TestMethodTestDescriptor.java:127)
	at org.junit.platform.engine.support.hierarchical.ThrowableCollector.execute(ThrowableCollector.java:74)
	at org.junit.jupiter.engine.descriptor.TestMethodTestDescriptor.prepare(TestMethodTestDescriptor.java:126)
	at org.junit.jupiter.engine.descriptor.TestMethodTestDescriptor.prepare(TestMethodTestDescriptor.java:70)
	at org.junit.platform.engine.support.hierarchical.NodeTestTask.lambda$prepare$0(NodeTestTask.java:144)
	at org.junit.platform.engine.support.hierarchical.ThrowableCollector.execute(ThrowableCollector.java:74)
	at org.junit.platform.engine.support.hierarchical.NodeTestTask.prepare(NodeTestTask.java:144)
	at org.junit.platform.engine.support.hierarchical.NodeTestTask.execute(NodeTestTask.java:110)
	at java.base/java.util.ArrayList.forEach(ArrayList.java:1604)
	at org.junit.platform.engine.support.hierarchical.SameThreadHierarchicalTestExecutorService.invokeAll(SameThreadHierarchicalTestExecutorService.java:42)
	at org.junit.platform.engine.support.hierarchical.NodeTestTask.lambda$executeRecursively$2(NodeTestTask.java:180)
	at org.junit.platform.engine.support.hierarchical.ThrowableCollector.execute(ThrowableCollector.java:74)
	at org.junit.platform.engine.support.hierarchical.NodeTestTask.lambda$executeRecursively$1(NodeTestTask.java:166)
	at org.junit.platform.engine.support.hierarchical.Node.around(Node.java:138)
	at org.junit.platform.engine.support.hierarchical.NodeTestTask.lambda$executeRecursively$0(NodeTestTask.java:164)
	at org.junit.platform.engine.support.hierarchical.ThrowableCollector.execute(ThrowableCollector.java:74)
	at org.junit.platform.engine.support.hierarchical.NodeTestTask.executeRecursively(NodeTestTask.java:163)
	at org.junit.platform.engine.support.hierarchical.NodeTestTask.execute(NodeTestTask.java:116)
	at java.base/java.util.ArrayList.forEach(ArrayList.java:1604)
	at org.junit.platform.engine.support.hierarchical.SameThreadHierarchicalTestExecutorService.invokeAll(SameThreadHierarchicalTestExecutorService.java:42)
	at org.junit.platform.engine.support.hierarchical.NodeTestTask.lambda$executeRecursively$2(NodeTestTask.java:180)
	at org.junit.platform.engine.support.hierarchical.ThrowableCollector.execute(ThrowableCollector.java:74)
	at org.junit.platform.engine.support.hierarchical.NodeTestTask.lambda$executeRecursively$1(NodeTestTask.java:166)
	at org.junit.platform.engine.support.hierarchical.Node.around(Node.java:138)
	at org.junit.platform.engine.support.hierarchical.NodeTestTask.lambda$executeRecursively$0(NodeTestTask.java:164)
	at org.junit.platform.engine.support.hierarchical.ThrowableCollector.execute(ThrowableCollector.java:74)
	at org.junit.platform.engine.support.hierarchical.NodeTestTask.executeRecursively(NodeTestTask.java:163)
	at org.junit.platform.engine.support.hierarchical.NodeTestTask.execute(NodeTestTask.java:116)
	at org.junit.platform.engine.support.hierarchical.SameThreadHierarchicalTestExecutorService.submit(SameThreadHierarchicalTestExecutorService.java:36)
	at org.junit.platform.engine.support.hierarchical.HierarchicalTestExecutor.execute(HierarchicalTestExecutor.java:52)
	at org.junit.platform.engine.support.hierarchical.HierarchicalTestEngine.execute(HierarchicalTestEngine.java:58)
	at org.junit.platform.launcher.core.EngineExecutionOrchestrator.executeEngine(EngineExecutionOrchestrator.java:246)
	at org.junit.platform.launcher.core.EngineExecutionOrchestrator.failOrExecuteEngine(EngineExecutionOrchestrator.java:218)
	at org.junit.platform.launcher.core.EngineExecutionOrchestrator.execute(EngineExecutionOrchestrator.java:179)
	at org.junit.platform.launcher.core.EngineExecutionOrchestrator.execute(EngineExecutionOrchestrator.java:108)
	at org.junit.platform.launcher.core.EngineExecutionOrchestrator.lambda$execute$0(EngineExecutionOrchestrator.java:66)
	at org.junit.platform.launcher.core.EngineExecutionOrchestrator.withInterceptedStreams(EngineExecutionOrchestrator.java:157)
	at org.junit.platform.launcher.core.EngineExecutionOrchestrator.execute(EngineExecutionOrchestrator.java:65)
	at org.junit.platform.launcher.core.DefaultLauncher.execute(DefaultLauncher.java:125)
	at org.junit.platform.launcher.core.DefaultLauncher.execute(DefaultLauncher.java:114)
	at org.junit.platform.launcher.core.DefaultLauncher.execute(DefaultLauncher.java:93)
	at org.junit.platform.launcher.core.DelegatingLauncher.execute(DelegatingLauncher.java:48)
	at org.junit.platform.launcher.core.InterceptingLauncher.lambda$execute$0(InterceptingLauncher.java:41)
	at org.junit.platform.launcher.core.ClasspathAlignmentCheckingLauncherInterceptor.intercept(ClasspathAlignmentCheckingLauncherInterceptor.java:25)
	at org.junit.platform.launcher.core.InterceptingLauncher.execute(InterceptingLauncher.java:40)
	at org.junit.platform.launcher.core.DelegatingLauncher.execute(DelegatingLauncher.java:48)
	at org.junit.platform.launcher.core.SessionPerRequestLauncher.execute(SessionPerRequestLauncher.java:67)
	at com.intellij.junit5.JUnit5IdeaTestRunner.startRunnerWithArgs(JUnit5IdeaTestRunner.java:57)
	at com.intellij.rt.junit.IdeaTestRunner$Repeater$1.execute(IdeaTestRunner.java:38)
	at com.intellij.rt.execution.junit.TestsRepeater.repeat(TestsRepeater.java:11)
	at com.intellij.rt.junit.IdeaTestRunner$Repeater.startRunnerWithArgs(IdeaTestRunner.java:35)
	at com.intellij.rt.junit.JUnitStarter.prepareStreamsAndStart(JUnitStarter.java:231)
	at com.intellij.rt.junit.JUnitStarter.main(JUnitStarter.java:55)
Caused by: org.springframework.beans.factory.NoSuchBeanDefinitionException: No qualifying bean of type 'com.epam.gym.facade.GymFacade' available: expected at least 1 bean which qualifies as autowire candidate. Dependency annotations: {@org.springframework.beans.factory.annotation.Autowired(required=true)}
	at org.springframework.beans.factory.support.DefaultListableBeanFactory.raiseNoMatchingBeanFound(DefaultListableBeanFactory.java:2297)
	at org.springframework.beans.factory.support.DefaultListableBeanFactory.doResolveDependency(DefaultListableBeanFactory.java:1725)
	at org.springframework.beans.factory.support.DefaultListableBeanFactory.resolveDependency(DefaultListableBeanFactory.java:1651)
	at org.springframework.beans.factory.annotation.AutowiredAnnotationBeanPostProcessor$AutowiredFieldElement.resolveFieldValue(AutowiredAnnotationBeanPostProcessor.java:763)
	... 84 common frames omitted
15 Feb 2026 - 19:00:21.823 - com.epam.gym.service.TraineeService -  INFO  - Created trainee John.Smith
15 Feb 2026 - 19:00:21.825 - com.epam.gym.service.TraineeService -  INFO  - Updated trainee updatedUser
15 Feb 2026 - 19:00:21.841 - com.epam.gym.service.TrainerService -  INFO  - Updated trainer Emma.Thompson
15 Feb 2026 - 19:00:21.843 - com.epam.gym.service.TrainerService -  INFO  - Created trainer David.Wilson
15 Feb 2026 - 19:00:43.471 - com.epam.gym.GymApplicationTests -  INFO  - Starting GymApplicationTests using Java 25.0.1 with PID 94478 (started by ilya_lozinskiy in /Users/ilya_lozinskiy/Desktop/Development/Projects/MENTOR/Sanjar/epam_gym)
15 Feb 2026 - 19:00:43.474 - com.epam.gym.GymApplicationTests -  INFO  - No active profile set, falling back to 1 default profile: "default"
15 Feb 2026 - 19:00:43.657 - c.epam.gym.util.StorageInitializer -  INFO  - Loaded 5 trainees
15 Feb 2026 - 19:00:43.658 - c.epam.gym.util.StorageInitializer -  INFO  - Loaded 6 trainers
15 Feb 2026 - 19:00:43.659 - c.epam.gym.util.StorageInitializer -  INFO  - Loaded 8 trainings
15 Feb 2026 - 19:00:43.770 - com.epam.gym.GymApplicationTests -  INFO  - Started GymApplicationTests in 0.393 seconds (process running for 0.804)
15 Feb 2026 - 19:00:43.785 - o.s.test.context.TestContextManager -  ERROR - Caught exception while allowing TestExecutionListener [org.springframework.test.context.support.DependencyInjectionTestExecutionListener] to prepare test instance [com.epam.gym.facade.GymFacadeTest@526f6427]
org.springframework.beans.factory.UnsatisfiedDependencyException: Error creating bean with name 'com.epam.gym.facade.GymFacadeTest': Unsatisfied dependency expressed through field 'facade': No qualifying bean of type 'com.epam.gym.facade.GymFacade' available: expected at least 1 bean which qualifies as autowire candidate. Dependency annotations: {@org.springframework.beans.factory.annotation.Autowired(required=true)}
	at org.springframework.beans.factory.annotation.AutowiredAnnotationBeanPostProcessor$AutowiredFieldElement.resolveFieldValue(AutowiredAnnotationBeanPostProcessor.java:766)
	at org.springframework.beans.factory.annotation.AutowiredAnnotationBeanPostProcessor$AutowiredFieldElement.inject(AutowiredAnnotationBeanPostProcessor.java:747)
	at org.springframework.beans.factory.annotation.InjectionMetadata.inject(InjectionMetadata.java:146)
	at org.springframework.beans.factory.annotation.AutowiredAnnotationBeanPostProcessor.postProcessProperties(AutowiredAnnotationBeanPostProcessor.java:492)
	at org.springframework.beans.factory.support.AbstractAutowireCapableBeanFactory.populateBean(AbstractAutowireCapableBeanFactory.java:1446)
	at org.springframework.beans.factory.support.AbstractAutowireCapableBeanFactory.autowireBeanProperties(AbstractAutowireCapableBeanFactory.java:402)
	at org.springframework.test.context.support.DependencyInjectionTestExecutionListener.injectDependencies(DependencyInjectionTestExecutionListener.java:142)
	at org.springframework.test.context.support.DependencyInjectionTestExecutionListener.prepareTestInstance(DependencyInjectionTestExecutionListener.java:97)
	at org.springframework.test.context.TestContextManager.prepareTestInstance(TestContextManager.java:247)
	at org.springframework.test.context.junit.jupiter.SpringExtension.postProcessTestInstance(SpringExtension.java:163)
	at org.junit.jupiter.engine.descriptor.ClassBasedTestDescriptor.lambda$invokeTestInstancePostProcessors$1(ClassBasedTestDescriptor.java:423)
	at org.junit.jupiter.engine.descriptor.ClassBasedTestDescriptor.executeAndMaskThrowable(ClassBasedTestDescriptor.java:428)
	at org.junit.jupiter.engine.descriptor.ClassBasedTestDescriptor.lambda$invokeTestInstancePostProcessors$0(ClassBasedTestDescriptor.java:422)
	at java.base/java.util.stream.ForEachOps$ForEachOp$OfRef.accept(ForEachOps.java:186)
	at java.base/java.util.stream.ReferencePipeline$3$1.accept(ReferencePipeline.java:214)
	at java.base/java.util.stream.ReferencePipeline$2$1.accept(ReferencePipeline.java:197)
	at java.base/java.util.stream.ReferencePipeline$3$1.accept(ReferencePipeline.java:214)
	at java.base/java.util.ArrayList$ArrayListSpliterator.forEachRemaining(ArrayList.java:1716)
	at java.base/java.util.stream.AbstractPipeline.copyInto(AbstractPipeline.java:570)
	at java.base/java.util.stream.AbstractPipeline.wrapAndCopyInto(AbstractPipeline.java:560)
	at java.base/java.util.stream.ForEachOps$ForEachOp.evaluateSequential(ForEachOps.java:153)
	at java.base/java.util.stream.ForEachOps$ForEachOp$OfRef.evaluateSequential(ForEachOps.java:176)
	at java.base/java.util.stream.AbstractPipeline.evaluate(AbstractPipeline.java:265)
	at java.base/java.util.stream.ReferencePipeline.forEach(ReferencePipeline.java:632)
	at org.junit.jupiter.engine.descriptor.ClassBasedTestDescriptor.invokeTestInstancePostProcessors(ClassBasedTestDescriptor.java:422)
	at org.junit.jupiter.engine.descriptor.ClassBasedTestDescriptor.lambda$instantiateAndPostProcessTestInstance$0(ClassBasedTestDescriptor.java:334)
	at org.junit.platform.engine.support.hierarchical.ThrowableCollector.execute(ThrowableCollector.java:74)
	at org.junit.jupiter.engine.descriptor.ClassBasedTestDescriptor.instantiateAndPostProcessTestInstance(ClassBasedTestDescriptor.java:333)
	at org.junit.jupiter.engine.descriptor.ClassBasedTestDescriptor.lambda$testInstancesProvider$1(ClassBasedTestDescriptor.java:322)
	at java.base/java.util.Optional.orElseGet(Optional.java:364)
	at org.junit.jupiter.engine.descriptor.ClassBasedTestDescriptor.lambda$testInstancesProvider$0(ClassBasedTestDescriptor.java:321)
	at org.junit.jupiter.engine.execution.TestInstancesProvider.getTestInstances(TestInstancesProvider.java:27)
	at org.junit.jupiter.engine.descriptor.TestMethodTestDescriptor.lambda$prepare$0(TestMethodTestDescriptor.java:127)
	at org.junit.platform.engine.support.hierarchical.ThrowableCollector.execute(ThrowableCollector.java:74)
	at org.junit.jupiter.engine.descriptor.TestMethodTestDescriptor.prepare(TestMethodTestDescriptor.java:126)
	at org.junit.jupiter.engine.descriptor.TestMethodTestDescriptor.prepare(TestMethodTestDescriptor.java:70)
	at org.junit.platform.engine.support.hierarchical.NodeTestTask.lambda$prepare$0(NodeTestTask.java:144)
	at org.junit.platform.engine.support.hierarchical.ThrowableCollector.execute(ThrowableCollector.java:74)
	at org.junit.platform.engine.support.hierarchical.NodeTestTask.prepare(NodeTestTask.java:144)
	at org.junit.platform.engine.support.hierarchical.NodeTestTask.execute(NodeTestTask.java:110)
	at java.base/java.util.ArrayList.forEach(ArrayList.java:1604)
	at org.junit.platform.engine.support.hierarchical.SameThreadHierarchicalTestExecutorService.invokeAll(SameThreadHierarchicalTestExecutorService.java:42)
	at org.junit.platform.engine.support.hierarchical.NodeTestTask.lambda$executeRecursively$2(NodeTestTask.java:180)
	at org.junit.platform.engine.support.hierarchical.ThrowableCollector.execute(ThrowableCollector.java:74)
	at org.junit.platform.engine.support.hierarchical.NodeTestTask.lambda$executeRecursively$1(NodeTestTask.java:166)
	at org.junit.platform.engine.support.hierarchical.Node.around(Node.java:138)
	at org.junit.platform.engine.support.hierarchical.NodeTestTask.lambda$executeRecursively$0(NodeTestTask.java:164)
	at org.junit.platform.engine.support.hierarchical.ThrowableCollector.execute(ThrowableCollector.java:74)
	at org.junit.platform.engine.support.hierarchical.NodeTestTask.executeRecursively(NodeTestTask.java:163)
	at org.junit.platform.engine.support.hierarchical.NodeTestTask.execute(NodeTestTask.java:116)
	at java.base/java.util.ArrayList.forEach(ArrayList.java:1604)
	at org.junit.platform.engine.support.hierarchical.SameThreadHierarchicalTestExecutorService.invokeAll(SameThreadHierarchicalTestExecutorService.java:42)
	at org.junit.platform.engine.support.hierarchical.NodeTestTask.lambda$executeRecursively$2(NodeTestTask.java:180)
	at org.junit.platform.engine.support.hierarchical.ThrowableCollector.execute(ThrowableCollector.java:74)
	at org.junit.platform.engine.support.hierarchical.NodeTestTask.lambda$executeRecursively$1(NodeTestTask.java:166)
	at org.junit.platform.engine.support.hierarchical.Node.around(Node.java:138)
	at org.junit.platform.engine.support.hierarchical.NodeTestTask.lambda$executeRecursively$0(NodeTestTask.java:164)
	at org.junit.platform.engine.support.hierarchical.ThrowableCollector.execute(ThrowableCollector.java:74)
	at org.junit.platform.engine.support.hierarchical.NodeTestTask.executeRecursively(NodeTestTask.java:163)
	at org.junit.platform.engine.support.hierarchical.NodeTestTask.execute(NodeTestTask.java:116)
	at org.junit.platform.engine.support.hierarchical.SameThreadHierarchicalTestExecutorService.submit(SameThreadHierarchicalTestExecutorService.java:36)
	at org.junit.platform.engine.support.hierarchical.HierarchicalTestExecutor.execute(HierarchicalTestExecutor.java:52)
	at org.junit.platform.engine.support.hierarchical.HierarchicalTestEngine.execute(HierarchicalTestEngine.java:58)
	at org.junit.platform.launcher.core.EngineExecutionOrchestrator.executeEngine(EngineExecutionOrchestrator.java:246)
	at org.junit.platform.launcher.core.EngineExecutionOrchestrator.failOrExecuteEngine(EngineExecutionOrchestrator.java:218)
	at org.junit.platform.launcher.core.EngineExecutionOrchestrator.execute(EngineExecutionOrchestrator.java:179)
	at org.junit.platform.launcher.core.EngineExecutionOrchestrator.execute(EngineExecutionOrchestrator.java:108)
	at org.junit.platform.launcher.core.EngineExecutionOrchestrator.lambda$execute$0(EngineExecutionOrchestrator.java:66)
	at org.junit.platform.launcher.core.EngineExecutionOrchestrator.withInterceptedStreams(EngineExecutionOrchestrator.java:157)
	at org.junit.platform.launcher.core.EngineExecutionOrchestrator.execute(EngineExecutionOrchestrator.java:65)
	at org.junit.platform.launcher.core.DefaultLauncher.execute(DefaultLauncher.java:125)
	at org.junit.platform.launcher.core.DefaultLauncher.execute(DefaultLauncher.java:114)
	at org.junit.platform.launcher.core.DefaultLauncher.execute(DefaultLauncher.java:93)
	at org.junit.platform.launcher.core.DelegatingLauncher.execute(DelegatingLauncher.java:48)
	at org.junit.platform.launcher.core.InterceptingLauncher.lambda$execute$0(InterceptingLauncher.java:41)
	at org.junit.platform.launcher.core.ClasspathAlignmentCheckingLauncherInterceptor.intercept(ClasspathAlignmentCheckingLauncherInterceptor.java:25)
	at org.junit.platform.launcher.core.InterceptingLauncher.execute(InterceptingLauncher.java:40)
	at org.junit.platform.launcher.core.DelegatingLauncher.execute(DelegatingLauncher.java:48)
	at org.junit.platform.launcher.core.SessionPerRequestLauncher.execute(SessionPerRequestLauncher.java:67)
	at com.intellij.junit5.JUnit5IdeaTestRunner.startRunnerWithArgs(JUnit5IdeaTestRunner.java:57)
	at com.intellij.rt.junit.IdeaTestRunner$Repeater$1.execute(IdeaTestRunner.java:38)
	at com.intellij.rt.execution.junit.TestsRepeater.repeat(TestsRepeater.java:11)
	at com.intellij.rt.junit.IdeaTestRunner$Repeater.startRunnerWithArgs(IdeaTestRunner.java:35)
	at com.intellij.rt.junit.JUnitStarter.prepareStreamsAndStart(JUnitStarter.java:231)
	at com.intellij.rt.junit.JUnitStarter.main(JUnitStarter.java:55)
Caused by: org.springframework.beans.factory.NoSuchBeanDefinitionException: No qualifying bean of type 'com.epam.gym.facade.GymFacade' available: expected at least 1 bean which qualifies as autowire candidate. Dependency annotations: {@org.springframework.beans.factory.annotation.Autowired(required=true)}
	at org.springframework.beans.factory.support.DefaultListableBeanFactory.raiseNoMatchingBeanFound(DefaultListableBeanFactory.java:2297)
	at org.springframework.beans.factory.support.DefaultListableBeanFactory.doResolveDependency(DefaultListableBeanFactory.java:1725)
	at org.springframework.beans.factory.support.DefaultListableBeanFactory.resolveDependency(DefaultListableBeanFactory.java:1651)
	at org.springframework.beans.factory.annotation.AutowiredAnnotationBeanPostProcessor$AutowiredFieldElement.resolveFieldValue(AutowiredAnnotationBeanPostProcessor.java:763)
	... 84 common frames omitted
15 Feb 2026 - 19:00:44.054 - com.epam.gym.service.TraineeService -  INFO  - Created trainee John.Smith
15 Feb 2026 - 19:00:44.056 - com.epam.gym.service.TraineeService -  INFO  - Updated trainee updatedUser
15 Feb 2026 - 19:00:44.070 - com.epam.gym.service.TrainerService -  INFO  - Updated trainer Emma.Thompson
15 Feb 2026 - 19:00:44.072 - com.epam.gym.service.TrainerService -  INFO  - Created trainer David.Wilson
15 Feb 2026 - 19:01:02.404 - com.epam.gym.GymApplicationTests -  INFO  - Starting GymApplicationTests using Java 25.0.1 with PID 94505 (started by ilya_lozinskiy in /Users/ilya_lozinskiy/Desktop/Development/Projects/MENTOR/Sanjar/epam_gym)
15 Feb 2026 - 19:01:02.407 - com.epam.gym.GymApplicationTests -  INFO  - No active profile set, falling back to 1 default profile: "default"
15 Feb 2026 - 19:01:02.584 - c.epam.gym.util.StorageInitializer -  INFO  - Loaded 5 trainees
15 Feb 2026 - 19:01:02.585 - c.epam.gym.util.StorageInitializer -  INFO  - Loaded 6 trainers
15 Feb 2026 - 19:01:02.586 - c.epam.gym.util.StorageInitializer -  INFO  - Loaded 8 trainings
15 Feb 2026 - 19:01:02.688 - com.epam.gym.GymApplicationTests -  INFO  - Started GymApplicationTests in 0.366 seconds (process running for 0.748)
15 Feb 2026 - 19:01:02.705 - o.s.test.context.TestContextManager -  ERROR - Caught exception while allowing TestExecutionListener [org.springframework.test.context.support.DependencyInjectionTestExecutionListener] to prepare test instance [com.epam.gym.facade.GymFacadeTest@5968800d]
org.springframework.beans.factory.UnsatisfiedDependencyException: Error creating bean with name 'com.epam.gym.facade.GymFacadeTest': Unsatisfied dependency expressed through field 'facade': No qualifying bean of type 'com.epam.gym.facade.GymFacade' available: expected at least 1 bean which qualifies as autowire candidate. Dependency annotations: {@org.springframework.beans.factory.annotation.Autowired(required=true)}
	at org.springframework.beans.factory.annotation.AutowiredAnnotationBeanPostProcessor$AutowiredFieldElement.resolveFieldValue(AutowiredAnnotationBeanPostProcessor.java:766)
	at org.springframework.beans.factory.annotation.AutowiredAnnotationBeanPostProcessor$AutowiredFieldElement.inject(AutowiredAnnotationBeanPostProcessor.java:747)
	at org.springframework.beans.factory.annotation.InjectionMetadata.inject(InjectionMetadata.java:146)
	at org.springframework.beans.factory.annotation.AutowiredAnnotationBeanPostProcessor.postProcessProperties(AutowiredAnnotationBeanPostProcessor.java:492)
	at org.springframework.beans.factory.support.AbstractAutowireCapableBeanFactory.populateBean(AbstractAutowireCapableBeanFactory.java:1446)
	at org.springframework.beans.factory.support.AbstractAutowireCapableBeanFactory.autowireBeanProperties(AbstractAutowireCapableBeanFactory.java:402)
	at org.springframework.test.context.support.DependencyInjectionTestExecutionListener.injectDependencies(DependencyInjectionTestExecutionListener.java:142)
	at org.springframework.test.context.support.DependencyInjectionTestExecutionListener.prepareTestInstance(DependencyInjectionTestExecutionListener.java:97)
	at org.springframework.test.context.TestContextManager.prepareTestInstance(TestContextManager.java:247)
	at org.springframework.test.context.junit.jupiter.SpringExtension.postProcessTestInstance(SpringExtension.java:163)
	at org.junit.jupiter.engine.descriptor.ClassBasedTestDescriptor.lambda$invokeTestInstancePostProcessors$1(ClassBasedTestDescriptor.java:423)
	at org.junit.jupiter.engine.descriptor.ClassBasedTestDescriptor.executeAndMaskThrowable(ClassBasedTestDescriptor.java:428)
	at org.junit.jupiter.engine.descriptor.ClassBasedTestDescriptor.lambda$invokeTestInstancePostProcessors$0(ClassBasedTestDescriptor.java:422)
	at java.base/java.util.stream.ForEachOps$ForEachOp$OfRef.accept(ForEachOps.java:186)
	at java.base/java.util.stream.ReferencePipeline$3$1.accept(ReferencePipeline.java:214)
	at java.base/java.util.stream.ReferencePipeline$2$1.accept(ReferencePipeline.java:197)
	at java.base/java.util.stream.ReferencePipeline$3$1.accept(ReferencePipeline.java:214)
	at java.base/java.util.ArrayList$ArrayListSpliterator.forEachRemaining(ArrayList.java:1716)
	at java.base/java.util.stream.AbstractPipeline.copyInto(AbstractPipeline.java:570)
	at java.base/java.util.stream.AbstractPipeline.wrapAndCopyInto(AbstractPipeline.java:560)
	at java.base/java.util.stream.ForEachOps$ForEachOp.evaluateSequential(ForEachOps.java:153)
	at java.base/java.util.stream.ForEachOps$ForEachOp$OfRef.evaluateSequential(ForEachOps.java:176)
	at java.base/java.util.stream.AbstractPipeline.evaluate(AbstractPipeline.java:265)
	at java.base/java.util.stream.ReferencePipeline.forEach(ReferencePipeline.java:632)
	at org.junit.jupiter.engine.descriptor.ClassBasedTestDescriptor.invokeTestInstancePostProcessors(ClassBasedTestDescriptor.java:422)
	at org.junit.jupiter.engine.descriptor.ClassBasedTestDescriptor.lambda$instantiateAndPostProcessTestInstance$0(ClassBasedTestDescriptor.java:334)
	at org.junit.platform.engine.support.hierarchical.ThrowableCollector.execute(ThrowableCollector.java:74)
	at org.junit.jupiter.engine.descriptor.ClassBasedTestDescriptor.instantiateAndPostProcessTestInstance(ClassBasedTestDescriptor.java:333)
	at org.junit.jupiter.engine.descriptor.ClassBasedTestDescriptor.lambda$testInstancesProvider$1(ClassBasedTestDescriptor.java:322)
	at java.base/java.util.Optional.orElseGet(Optional.java:364)
	at org.junit.jupiter.engine.descriptor.ClassBasedTestDescriptor.lambda$testInstancesProvider$0(ClassBasedTestDescriptor.java:321)
	at org.junit.jupiter.engine.execution.TestInstancesProvider.getTestInstances(TestInstancesProvider.java:27)
	at org.junit.jupiter.engine.descriptor.TestMethodTestDescriptor.lambda$prepare$0(TestMethodTestDescriptor.java:127)
	at org.junit.platform.engine.support.hierarchical.ThrowableCollector.execute(ThrowableCollector.java:74)
	at org.junit.jupiter.engine.descriptor.TestMethodTestDescriptor.prepare(TestMethodTestDescriptor.java:126)
	at org.junit.jupiter.engine.descriptor.TestMethodTestDescriptor.prepare(TestMethodTestDescriptor.java:70)
	at org.junit.platform.engine.support.hierarchical.NodeTestTask.lambda$prepare$0(NodeTestTask.java:144)
	at org.junit.platform.engine.support.hierarchical.ThrowableCollector.execute(ThrowableCollector.java:74)
	at org.junit.platform.engine.support.hierarchical.NodeTestTask.prepare(NodeTestTask.java:144)
	at org.junit.platform.engine.support.hierarchical.NodeTestTask.execute(NodeTestTask.java:110)
	at java.base/java.util.ArrayList.forEach(ArrayList.java:1604)
	at org.junit.platform.engine.support.hierarchical.SameThreadHierarchicalTestExecutorService.invokeAll(SameThreadHierarchicalTestExecutorService.java:42)
	at org.junit.platform.engine.support.hierarchical.NodeTestTask.lambda$executeRecursively$2(NodeTestTask.java:180)
	at org.junit.platform.engine.support.hierarchical.ThrowableCollector.execute(ThrowableCollector.java:74)
	at org.junit.platform.engine.support.hierarchical.NodeTestTask.lambda$executeRecursively$1(NodeTestTask.java:166)
	at org.junit.platform.engine.support.hierarchical.Node.around(Node.java:138)
	at org.junit.platform.engine.support.hierarchical.NodeTestTask.lambda$executeRecursively$0(NodeTestTask.java:164)
	at org.junit.platform.engine.support.hierarchical.ThrowableCollector.execute(ThrowableCollector.java:74)
	at org.junit.platform.engine.support.hierarchical.NodeTestTask.executeRecursively(NodeTestTask.java:163)
	at org.junit.platform.engine.support.hierarchical.NodeTestTask.execute(NodeTestTask.java:116)
	at java.base/java.util.ArrayList.forEach(ArrayList.java:1604)
	at org.junit.platform.engine.support.hierarchical.SameThreadHierarchicalTestExecutorService.invokeAll(SameThreadHierarchicalTestExecutorService.java:42)
	at org.junit.platform.engine.support.hierarchical.NodeTestTask.lambda$executeRecursively$2(NodeTestTask.java:180)
	at org.junit.platform.engine.support.hierarchical.ThrowableCollector.execute(ThrowableCollector.java:74)
	at org.junit.platform.engine.support.hierarchical.NodeTestTask.lambda$executeRecursively$1(NodeTestTask.java:166)
	at org.junit.platform.engine.support.hierarchical.Node.around(Node.java:138)
	at org.junit.platform.engine.support.hierarchical.NodeTestTask.lambda$executeRecursively$0(NodeTestTask.java:164)
	at org.junit.platform.engine.support.hierarchical.ThrowableCollector.execute(ThrowableCollector.java:74)
	at org.junit.platform.engine.support.hierarchical.NodeTestTask.executeRecursively(NodeTestTask.java:163)
	at org.junit.platform.engine.support.hierarchical.NodeTestTask.execute(NodeTestTask.java:116)
	at org.junit.platform.engine.support.hierarchical.SameThreadHierarchicalTestExecutorService.submit(SameThreadHierarchicalTestExecutorService.java:36)
	at org.junit.platform.engine.support.hierarchical.HierarchicalTestExecutor.execute(HierarchicalTestExecutor.java:52)
	at org.junit.platform.engine.support.hierarchical.HierarchicalTestEngine.execute(HierarchicalTestEngine.java:58)
	at org.junit.platform.launcher.core.EngineExecutionOrchestrator.executeEngine(EngineExecutionOrchestrator.java:246)
	at org.junit.platform.launcher.core.EngineExecutionOrchestrator.failOrExecuteEngine(EngineExecutionOrchestrator.java:218)
	at org.junit.platform.launcher.core.EngineExecutionOrchestrator.execute(EngineExecutionOrchestrator.java:179)
	at org.junit.platform.launcher.core.EngineExecutionOrchestrator.execute(EngineExecutionOrchestrator.java:108)
	at org.junit.platform.launcher.core.EngineExecutionOrchestrator.lambda$execute$0(EngineExecutionOrchestrator.java:66)
	at org.junit.platform.launcher.core.EngineExecutionOrchestrator.withInterceptedStreams(EngineExecutionOrchestrator.java:157)
	at org.junit.platform.launcher.core.EngineExecutionOrchestrator.execute(EngineExecutionOrchestrator.java:65)
	at org.junit.platform.launcher.core.DefaultLauncher.execute(DefaultLauncher.java:125)
	at org.junit.platform.launcher.core.DefaultLauncher.execute(DefaultLauncher.java:114)
	at org.junit.platform.launcher.core.DefaultLauncher.execute(DefaultLauncher.java:93)
	at org.junit.platform.launcher.core.DelegatingLauncher.execute(DelegatingLauncher.java:48)
	at org.junit.platform.launcher.core.InterceptingLauncher.lambda$execute$0(InterceptingLauncher.java:41)
	at org.junit.platform.launcher.core.ClasspathAlignmentCheckingLauncherInterceptor.intercept(ClasspathAlignmentCheckingLauncherInterceptor.java:25)
	at org.junit.platform.launcher.core.InterceptingLauncher.execute(InterceptingLauncher.java:40)
	at org.junit.platform.launcher.core.DelegatingLauncher.execute(DelegatingLauncher.java:48)
	at org.junit.platform.launcher.core.SessionPerRequestLauncher.execute(SessionPerRequestLauncher.java:67)
	at com.intellij.junit5.JUnit5IdeaTestRunner.startRunnerWithArgs(JUnit5IdeaTestRunner.java:57)
	at com.intellij.rt.junit.IdeaTestRunner$Repeater$1.execute(IdeaTestRunner.java:38)
	at com.intellij.rt.execution.junit.TestsRepeater.repeat(TestsRepeater.java:11)
	at com.intellij.rt.junit.IdeaTestRunner$Repeater.startRunnerWithArgs(IdeaTestRunner.java:35)
	at com.intellij.rt.junit.JUnitStarter.prepareStreamsAndStart(JUnitStarter.java:231)
	at com.intellij.rt.junit.JUnitStarter.main(JUnitStarter.java:55)
Caused by: org.springframework.beans.factory.NoSuchBeanDefinitionException: No qualifying bean of type 'com.epam.gym.facade.GymFacade' available: expected at least 1 bean which qualifies as autowire candidate. Dependency annotations: {@org.springframework.beans.factory.annotation.Autowired(required=true)}
	at org.springframework.beans.factory.support.DefaultListableBeanFactory.raiseNoMatchingBeanFound(DefaultListableBeanFactory.java:2297)
	at org.springframework.beans.factory.support.DefaultListableBeanFactory.doResolveDependency(DefaultListableBeanFactory.java:1725)
	at org.springframework.beans.factory.support.DefaultListableBeanFactory.resolveDependency(DefaultListableBeanFactory.java:1651)
	at org.springframework.beans.factory.annotation.AutowiredAnnotationBeanPostProcessor$AutowiredFieldElement.resolveFieldValue(AutowiredAnnotationBeanPostProcessor.java:763)
	... 84 common frames omitted
15 Feb 2026 - 19:01:02.946 - com.epam.gym.service.TraineeService -  INFO  - Created trainee John.Smith
15 Feb 2026 - 19:01:02.949 - com.epam.gym.service.TraineeService -  INFO  - Updated trainee updatedUser
15 Feb 2026 - 19:01:02.963 - com.epam.gym.service.TrainerService -  INFO  - Updated trainer Emma.Thompson
15 Feb 2026 - 19:01:02.965 - com.epam.gym.service.TrainerService -  INFO  - Created trainer David.Wilson
15 Feb 2026 - 19:01:33.308 - com.epam.gym.GymApplicationTests -  INFO  - Starting GymApplicationTests using Java 25.0.1 with PID 94578 (started by ilya_lozinskiy in /Users/ilya_lozinskiy/Desktop/Development/Projects/MENTOR/Sanjar/epam_gym)
15 Feb 2026 - 19:01:33.311 - com.epam.gym.GymApplicationTests -  INFO  - No active profile set, falling back to 1 default profile: "default"
15 Feb 2026 - 19:01:33.514 - c.epam.gym.util.StorageInitializer -  INFO  - Loaded 5 trainees
15 Feb 2026 - 19:01:33.515 - c.epam.gym.util.StorageInitializer -  INFO  - Loaded 6 trainers
15 Feb 2026 - 19:01:33.517 - c.epam.gym.util.StorageInitializer -  INFO  - Loaded 8 trainings
15 Feb 2026 - 19:01:33.656 - com.epam.gym.GymApplicationTests -  INFO  - Started GymApplicationTests in 0.443 seconds (process running for 0.853)
15 Feb 2026 - 19:01:33.701 - c.epam.gym.util.StorageInitializer -  INFO  - Loaded 5 trainees
15 Feb 2026 - 19:01:33.701 - c.epam.gym.util.StorageInitializer -  INFO  - Loaded 6 trainers
15 Feb 2026 - 19:01:33.702 - c.epam.gym.util.StorageInitializer -  INFO  - Loaded 8 trainings
15 Feb 2026 - 19:01:33.981 - com.epam.gym.service.TraineeService -  INFO  - Created trainee John.Smith
15 Feb 2026 - 19:01:33.984 - com.epam.gym.service.TraineeService -  INFO  - Updated trainee updatedUser
15 Feb 2026 - 19:01:33.999 - com.epam.gym.service.TrainerService -  INFO  - Updated trainer Emma.Thompson
15 Feb 2026 - 19:01:34.004 - com.epam.gym.service.TrainerService -  INFO  - Created trainer David.Wilson
15 Feb 2026 - 19:02:36.314 - com.epam.gym.facade.GymFacadeTest -  INFO  - Starting GymFacadeTest using Java 25.0.1 with PID 94830 (started by ilya_lozinskiy in /Users/ilya_lozinskiy/Desktop/Development/Projects/MENTOR/Sanjar/epam_gym)
15 Feb 2026 - 19:02:36.317 - com.epam.gym.facade.GymFacadeTest -  INFO  - No active profile set, falling back to 1 default profile: "default"
15 Feb 2026 - 19:02:36.505 - c.epam.gym.util.StorageInitializer -  INFO  - Loaded 5 trainees
15 Feb 2026 - 19:02:36.507 - c.epam.gym.util.StorageInitializer -  INFO  - Loaded 6 trainers
15 Feb 2026 - 19:02:36.509 - c.epam.gym.util.StorageInitializer -  INFO  - Loaded 8 trainings
15 Feb 2026 - 19:02:36.631 - com.epam.gym.facade.GymFacadeTest -  INFO  - Started GymFacadeTest in 0.408 seconds (process running for 0.781)
15 Feb 2026 - 19:07:36.010 - com.epam.gym.GymApplicationTests -  INFO  - Starting GymApplicationTests using Java 25.0.1 with PID 95664 (started by ilya_lozinskiy in /Users/ilya_lozinskiy/Desktop/Development/Projects/MENTOR/Sanjar/epam_gym)
15 Feb 2026 - 19:07:36.016 - com.epam.gym.GymApplicationTests -  INFO  - No active profile set, falling back to 1 default profile: "default"
15 Feb 2026 - 19:07:36.208 - c.epam.gym.util.StorageInitializer -  INFO  - Loaded 5 trainees
15 Feb 2026 - 19:07:36.209 - c.epam.gym.util.StorageInitializer -  INFO  - Loaded 6 trainers
15 Feb 2026 - 19:07:36.210 - c.epam.gym.util.StorageInitializer -  INFO  - Loaded 8 trainings
15 Feb 2026 - 19:07:36.328 - com.epam.gym.GymApplicationTests -  INFO  - Started GymApplicationTests in 0.411 seconds (process running for 0.85)
15 Feb 2026 - 19:07:36.343 - o.s.test.context.TestContextManager -  ERROR - Caught exception while allowing TestExecutionListener [org.springframework.test.context.support.DependencyInjectionTestExecutionListener] to prepare test instance [com.epam.gym.facade.GymFacadeTest@7c70aae1]
org.springframework.beans.factory.UnsatisfiedDependencyException: Error creating bean with name 'com.epam.gym.facade.GymFacadeTest': Unsatisfied dependency expressed through field 'facade': No qualifying bean of type 'com.epam.gym.facade.GymFacade' available: expected at least 1 bean which qualifies as autowire candidate. Dependency annotations: {@org.springframework.beans.factory.annotation.Autowired(required=true)}
	at org.springframework.beans.factory.annotation.AutowiredAnnotationBeanPostProcessor$AutowiredFieldElement.resolveFieldValue(AutowiredAnnotationBeanPostProcessor.java:766)
	at org.springframework.beans.factory.annotation.AutowiredAnnotationBeanPostProcessor$AutowiredFieldElement.inject(AutowiredAnnotationBeanPostProcessor.java:747)
	at org.springframework.beans.factory.annotation.InjectionMetadata.inject(InjectionMetadata.java:146)
	at org.springframework.beans.factory.annotation.AutowiredAnnotationBeanPostProcessor.postProcessProperties(AutowiredAnnotationBeanPostProcessor.java:492)
	at org.springframework.beans.factory.support.AbstractAutowireCapableBeanFactory.populateBean(AbstractAutowireCapableBeanFactory.java:1446)
	at org.springframework.beans.factory.support.AbstractAutowireCapableBeanFactory.autowireBeanProperties(AbstractAutowireCapableBeanFactory.java:402)
	at org.springframework.test.context.support.DependencyInjectionTestExecutionListener.injectDependencies(DependencyInjectionTestExecutionListener.java:142)
	at org.springframework.test.context.support.DependencyInjectionTestExecutionListener.prepareTestInstance(DependencyInjectionTestExecutionListener.java:97)
	at org.springframework.test.context.TestContextManager.prepareTestInstance(TestContextManager.java:247)
	at org.springframework.test.context.junit.jupiter.SpringExtension.postProcessTestInstance(SpringExtension.java:163)
	at org.junit.jupiter.engine.descriptor.ClassBasedTestDescriptor.lambda$invokeTestInstancePostProcessors$1(ClassBasedTestDescriptor.java:423)
	at org.junit.jupiter.engine.descriptor.ClassBasedTestDescriptor.executeAndMaskThrowable(ClassBasedTestDescriptor.java:428)
	at org.junit.jupiter.engine.descriptor.ClassBasedTestDescriptor.lambda$invokeTestInstancePostProcessors$0(ClassBasedTestDescriptor.java:422)
	at java.base/java.util.stream.ForEachOps$ForEachOp$OfRef.accept(ForEachOps.java:186)
	at java.base/java.util.stream.ReferencePipeline$3$1.accept(ReferencePipeline.java:214)
	at java.base/java.util.stream.ReferencePipeline$2$1.accept(ReferencePipeline.java:197)
	at java.base/java.util.stream.ReferencePipeline$3$1.accept(ReferencePipeline.java:214)
	at java.base/java.util.ArrayList$ArrayListSpliterator.forEachRemaining(ArrayList.java:1716)
	at java.base/java.util.stream.AbstractPipeline.copyInto(AbstractPipeline.java:570)
	at java.base/java.util.stream.AbstractPipeline.wrapAndCopyInto(AbstractPipeline.java:560)
	at java.base/java.util.stream.ForEachOps$ForEachOp.evaluateSequential(ForEachOps.java:153)
	at java.base/java.util.stream.ForEachOps$ForEachOp$OfRef.evaluateSequential(ForEachOps.java:176)
	at java.base/java.util.stream.AbstractPipeline.evaluate(AbstractPipeline.java:265)
	at java.base/java.util.stream.ReferencePipeline.forEach(ReferencePipeline.java:632)
	at org.junit.jupiter.engine.descriptor.ClassBasedTestDescriptor.invokeTestInstancePostProcessors(ClassBasedTestDescriptor.java:422)
	at org.junit.jupiter.engine.descriptor.ClassBasedTestDescriptor.lambda$instantiateAndPostProcessTestInstance$0(ClassBasedTestDescriptor.java:334)
	at org.junit.platform.engine.support.hierarchical.ThrowableCollector.execute(ThrowableCollector.java:74)
	at org.junit.jupiter.engine.descriptor.ClassBasedTestDescriptor.instantiateAndPostProcessTestInstance(ClassBasedTestDescriptor.java:333)
	at org.junit.jupiter.engine.descriptor.ClassBasedTestDescriptor.lambda$testInstancesProvider$1(ClassBasedTestDescriptor.java:322)
	at java.base/java.util.Optional.orElseGet(Optional.java:364)
	at org.junit.jupiter.engine.descriptor.ClassBasedTestDescriptor.lambda$testInstancesProvider$0(ClassBasedTestDescriptor.java:321)
	at org.junit.jupiter.engine.execution.TestInstancesProvider.getTestInstances(TestInstancesProvider.java:27)
	at org.junit.jupiter.engine.descriptor.TestMethodTestDescriptor.lambda$prepare$0(TestMethodTestDescriptor.java:127)
	at org.junit.platform.engine.support.hierarchical.ThrowableCollector.execute(ThrowableCollector.java:74)
	at org.junit.jupiter.engine.descriptor.TestMethodTestDescriptor.prepare(TestMethodTestDescriptor.java:126)
	at org.junit.jupiter.engine.descriptor.TestMethodTestDescriptor.prepare(TestMethodTestDescriptor.java:70)
	at org.junit.platform.engine.support.hierarchical.NodeTestTask.lambda$prepare$0(NodeTestTask.java:144)
	at org.junit.platform.engine.support.hierarchical.ThrowableCollector.execute(ThrowableCollector.java:74)
	at org.junit.platform.engine.support.hierarchical.NodeTestTask.prepare(NodeTestTask.java:144)
	at org.junit.platform.engine.support.hierarchical.NodeTestTask.execute(NodeTestTask.java:110)
	at java.base/java.util.ArrayList.forEach(ArrayList.java:1604)
	at org.junit.platform.engine.support.hierarchical.SameThreadHierarchicalTestExecutorService.invokeAll(SameThreadHierarchicalTestExecutorService.java:42)
	at org.junit.platform.engine.support.hierarchical.NodeTestTask.lambda$executeRecursively$2(NodeTestTask.java:180)
	at org.junit.platform.engine.support.hierarchical.ThrowableCollector.execute(ThrowableCollector.java:74)
	at org.junit.platform.engine.support.hierarchical.NodeTestTask.lambda$executeRecursively$1(NodeTestTask.java:166)
	at org.junit.platform.engine.support.hierarchical.Node.around(Node.java:138)
	at org.junit.platform.engine.support.hierarchical.NodeTestTask.lambda$executeRecursively$0(NodeTestTask.java:164)
	at org.junit.platform.engine.support.hierarchical.ThrowableCollector.execute(ThrowableCollector.java:74)
	at org.junit.platform.engine.support.hierarchical.NodeTestTask.executeRecursively(NodeTestTask.java:163)
	at org.junit.platform.engine.support.hierarchical.NodeTestTask.execute(NodeTestTask.java:116)
	at java.base/java.util.ArrayList.forEach(ArrayList.java:1604)
	at org.junit.platform.engine.support.hierarchical.SameThreadHierarchicalTestExecutorService.invokeAll(SameThreadHierarchicalTestExecutorService.java:42)
	at org.junit.platform.engine.support.hierarchical.NodeTestTask.lambda$executeRecursively$2(NodeTestTask.java:180)
	at org.junit.platform.engine.support.hierarchical.ThrowableCollector.execute(ThrowableCollector.java:74)
	at org.junit.platform.engine.support.hierarchical.NodeTestTask.lambda$executeRecursively$1(NodeTestTask.java:166)
	at org.junit.platform.engine.support.hierarchical.Node.around(Node.java:138)
	at org.junit.platform.engine.support.hierarchical.NodeTestTask.lambda$executeRecursively$0(NodeTestTask.java:164)
	at org.junit.platform.engine.support.hierarchical.ThrowableCollector.execute(ThrowableCollector.java:74)
	at org.junit.platform.engine.support.hierarchical.NodeTestTask.executeRecursively(NodeTestTask.java:163)
	at org.junit.platform.engine.support.hierarchical.NodeTestTask.execute(NodeTestTask.java:116)
	at org.junit.platform.engine.support.hierarchical.SameThreadHierarchicalTestExecutorService.submit(SameThreadHierarchicalTestExecutorService.java:36)
	at org.junit.platform.engine.support.hierarchical.HierarchicalTestExecutor.execute(HierarchicalTestExecutor.java:52)
	at org.junit.platform.engine.support.hierarchical.HierarchicalTestEngine.execute(HierarchicalTestEngine.java:58)
	at org.junit.platform.launcher.core.EngineExecutionOrchestrator.executeEngine(EngineExecutionOrchestrator.java:246)
	at org.junit.platform.launcher.core.EngineExecutionOrchestrator.failOrExecuteEngine(EngineExecutionOrchestrator.java:218)
	at org.junit.platform.launcher.core.EngineExecutionOrchestrator.execute(EngineExecutionOrchestrator.java:179)
	at org.junit.platform.launcher.core.EngineExecutionOrchestrator.execute(EngineExecutionOrchestrator.java:108)
	at org.junit.platform.launcher.core.EngineExecutionOrchestrator.lambda$execute$0(EngineExecutionOrchestrator.java:66)
	at org.junit.platform.launcher.core.EngineExecutionOrchestrator.withInterceptedStreams(EngineExecutionOrchestrator.java:157)
	at org.junit.platform.launcher.core.EngineExecutionOrchestrator.execute(EngineExecutionOrchestrator.java:65)
	at org.junit.platform.launcher.core.DefaultLauncher.execute(DefaultLauncher.java:125)
	at org.junit.platform.launcher.core.DefaultLauncher.execute(DefaultLauncher.java:114)
	at org.junit.platform.launcher.core.DefaultLauncher.execute(DefaultLauncher.java:93)
	at org.junit.platform.launcher.core.DelegatingLauncher.execute(DelegatingLauncher.java:48)
	at org.junit.platform.launcher.core.InterceptingLauncher.lambda$execute$0(InterceptingLauncher.java:41)
	at org.junit.platform.launcher.core.ClasspathAlignmentCheckingLauncherInterceptor.intercept(ClasspathAlignmentCheckingLauncherInterceptor.java:25)
	at org.junit.platform.launcher.core.InterceptingLauncher.execute(InterceptingLauncher.java:40)
	at org.junit.platform.launcher.core.DelegatingLauncher.execute(DelegatingLauncher.java:48)
	at org.junit.platform.launcher.core.SessionPerRequestLauncher.execute(SessionPerRequestLauncher.java:67)
	at com.intellij.junit5.JUnit5IdeaTestRunner.startRunnerWithArgs(JUnit5IdeaTestRunner.java:57)
	at com.intellij.rt.junit.IdeaTestRunner$Repeater$1.execute(IdeaTestRunner.java:38)
	at com.intellij.rt.execution.junit.TestsRepeater.repeat(TestsRepeater.java:11)
	at com.intellij.rt.junit.IdeaTestRunner$Repeater.startRunnerWithArgs(IdeaTestRunner.java:35)
	at com.intellij.rt.junit.JUnitStarter.prepareStreamsAndStart(JUnitStarter.java:231)
	at com.intellij.rt.junit.JUnitStarter.main(JUnitStarter.java:55)
Caused by: org.springframework.beans.factory.NoSuchBeanDefinitionException: No qualifying bean of type 'com.epam.gym.facade.GymFacade' available: expected at least 1 bean which qualifies as autowire candidate. Dependency annotations: {@org.springframework.beans.factory.annotation.Autowired(required=true)}
	at org.springframework.beans.factory.support.DefaultListableBeanFactory.raiseNoMatchingBeanFound(DefaultListableBeanFactory.java:2297)
	at org.springframework.beans.factory.support.DefaultListableBeanFactory.doResolveDependency(DefaultListableBeanFactory.java:1725)
	at org.springframework.beans.factory.support.DefaultListableBeanFactory.resolveDependency(DefaultListableBeanFactory.java:1651)
	at org.springframework.beans.factory.annotation.AutowiredAnnotationBeanPostProcessor$AutowiredFieldElement.resolveFieldValue(AutowiredAnnotationBeanPostProcessor.java:763)
	... 84 common frames omitted
15 Feb 2026 - 19:07:36.622 - com.epam.gym.service.TraineeService -  INFO  - Created trainee John.Smith
15 Feb 2026 - 19:07:36.624 - com.epam.gym.service.TraineeService -  INFO  - Updated trainee updatedUser
15 Feb 2026 - 19:07:36.641 - com.epam.gym.service.TrainerService -  INFO  - Updated trainer Emma.Thompson
15 Feb 2026 - 19:07:36.643 - com.epam.gym.service.TrainerService -  INFO  - Created trainer David.Wilson
15 Feb 2026 - 19:07:43.269 - com.epam.gym.GymApplication -  INFO  - Starting GymApplication using Java 25.0.1 with PID 95699 (/Users/ilya_lozinskiy/Desktop/Development/Projects/MENTOR/Sanjar/epam_gym/target/classes started by ilya_lozinskiy in /Users/ilya_lozinskiy/Desktop/Development/Projects/MENTOR/Sanjar/epam_gym)
15 Feb 2026 - 19:07:43.272 - com.epam.gym.GymApplication -  INFO  - No active profile set, falling back to 1 default profile: "default"
15 Feb 2026 - 19:07:43.492 - o.s.boot.tomcat.TomcatWebServer -  INFO  - Tomcat initialized with port 8080 (http)
15 Feb 2026 - 19:07:43.496 - o.a.catalina.core.StandardService -  INFO  - Starting service [Tomcat]
15 Feb 2026 - 19:07:43.496 - o.a.catalina.core.StandardEngine -  INFO  - Starting Servlet engine: [Apache Tomcat/11.0.15]
15 Feb 2026 - 19:07:43.507 - o.s.b.w.c.s.WebApplicationContextInitializer -  INFO  - Root WebApplicationContext: initialization completed in 220 ms
15 Feb 2026 - 19:07:43.525 - c.epam.gym.util.StorageInitializer -  INFO  - Loaded 5 trainees
15 Feb 2026 - 19:07:43.526 - c.epam.gym.util.StorageInitializer -  INFO  - Loaded 6 trainers
15 Feb 2026 - 19:07:43.526 - c.epam.gym.util.StorageInitializer -  INFO  - Loaded 8 trainings
15 Feb 2026 - 19:07:43.602 - o.s.boot.tomcat.TomcatWebServer -  INFO  - Tomcat started on port 8080 (http) with context path '/'
15 Feb 2026 - 19:07:43.608 - com.epam.gym.GymApplication -  INFO  - Started GymApplication in 0.461 seconds (process running for 0.64)
15 Feb 2026 - 19:07:45.718 - o.s.boot.tomcat.GracefulShutdown -  INFO  - Commencing graceful shutdown. Waiting for active requests to complete
15 Feb 2026 - 19:07:45.720 - o.s.boot.tomcat.GracefulShutdown -  INFO  - Graceful shutdown complete
15 Feb 2026 - 19:10:11.316 - com.epam.gym.GymApplicationTests -  INFO  - Starting GymApplicationTests using Java 25.0.1 with PID 95841 (started by ilya_lozinskiy in /Users/ilya_lozinskiy/Desktop/Development/Projects/MENTOR/Sanjar/epam_gym)
15 Feb 2026 - 19:10:11.319 - com.epam.gym.GymApplicationTests -  INFO  - No active profile set, falling back to 1 default profile: "default"
15 Feb 2026 - 19:10:11.509 - c.epam.gym.util.StorageInitializer -  INFO  - Loaded 5 trainees
15 Feb 2026 - 19:10:11.510 - c.epam.gym.util.StorageInitializer -  INFO  - Loaded 6 trainers
15 Feb 2026 - 19:10:11.511 - c.epam.gym.util.StorageInitializer -  INFO  - Loaded 8 trainings
15 Feb 2026 - 19:10:11.629 - com.epam.gym.GymApplicationTests -  INFO  - Started GymApplicationTests in 0.4 seconds (process running for 0.777)
